Analysis & Synthesis report for VGADriverFinal
Fri Jun  5 14:44:38 2026
Quartus Prime Version 22.1std.1 Build 917 02/14/2023 SC Lite Edition


---------------------
; Table of Contents ;
---------------------
  1. Legal Notice
  2. Analysis & Synthesis Summary
  3. Analysis & Synthesis Settings
  4. Parallel Compilation
  5. Analysis & Synthesis Source Files Read
  6. Analysis & Synthesis Resource Usage Summary
  7. Analysis & Synthesis Resource Utilization by Entity
  8. General Register Statistics
  9. Multiplexer Restructuring Statistics (Restructuring Performed)
 10. Parameter Settings for User Entity Instance: SyncCounter:sync_counter|HSyncCounter:hsync_counter|Counter:counter_inst
 11. Parameter Settings for User Entity Instance: SyncCounter:sync_counter|HSyncCounter:hsync_counter|Counter:counter_inst|RegisterNBit:register1
 12. Parameter Settings for User Entity Instance: SyncCounter:sync_counter|VSyncCounter:vsync_counter|Counter:counter_inst
 13. Parameter Settings for User Entity Instance: SyncCounter:sync_counter|VSyncCounter:vsync_counter|Counter:counter_inst|RegisterNBit:register1
 14. Port Connectivity Checks: "Mux_4:mux_blue"
 15. Port Connectivity Checks: "Mux_4:mux_green"
 16. Port Connectivity Checks: "Mux_4:mux_red"
 17. Port Connectivity Checks: "SyncCounter:sync_counter|VSyncCounter:vsync_counter|Counter:counter_inst"
 18. Port Connectivity Checks: "SyncCounter:sync_counter|HSyncCounter:hsync_counter|Counter:counter_inst"
 19. Post-Synthesis Netlist Statistics for Top Partition
 20. Elapsed Time Per Partition
 21. Analysis & Synthesis Messages



----------------
; Legal Notice ;
----------------
Copyright (C) 2023  Intel Corporation. All rights reserved.
Your use of Intel Corporation's design tools, logic functions 
and other software and tools, and any partner logic 
functions, and any output files from any of the foregoing 
(including device programming or simulation files), and any 
associated documentation or information are expressly subject 
to the terms and conditions of the Intel Program License 
Subscription Agreement, the Intel Quartus Prime License Agreement,
the Intel FPGA IP License Agreement, or other applicable license
agreement, including, without limitation, that your use is for
the sole purpose of programming logic devices manufactured by
Intel and sold by Intel or its authorized distributors.  Please
refer to the applicable agreement for further details, at
https://fpgasoftware.intel.com/eula.



+-------------------------------------------------------------------------------------+
; Analysis & Synthesis Summary                                                        ;
+------------------------------------+------------------------------------------------+
; Analysis & Synthesis Status        ; Successful - Fri Jun  5 14:44:38 2026          ;
; Quartus Prime Version              ; 22.1std.1 Build 917 02/14/2023 SC Lite Edition ;
; Revision Name                      ; VGADriverFinal                                 ;
; Top-level Entity Name              ; VGADriver                                      ;
; Family                             ; MAX 10                                         ;
; Total logic elements               ; 55                                             ;
;     Total combinational functions  ; 54                                             ;
;     Dedicated logic registers      ; 22                                             ;
; Total registers                    ; 22                                             ;
; Total pins                         ; 22                                             ;
; Total virtual pins                 ; 0                                              ;
; Total memory bits                  ; 0                                              ;
; Embedded Multiplier 9-bit elements ; 0                                              ;
; Total PLLs                         ; 0                                              ;
; UFM blocks                         ; 0                                              ;
; ADC blocks                         ; 0                                              ;
+------------------------------------+------------------------------------------------+


+------------------------------------------------------------------------------------------------------------+
; Analysis & Synthesis Settings                                                                              ;
+------------------------------------------------------------------+--------------------+--------------------+
; Option                                                           ; Setting            ; Default Value      ;
+------------------------------------------------------------------+--------------------+--------------------+
; Device                                                           ; 10M08DAF484C8G     ;                    ;
; Top-level entity name                                            ; VGADriver          ; VGADriverFinal     ;
; Family name                                                      ; MAX 10             ; Cyclone V          ;
; Use smart compilation                                            ; Off                ; Off                ;
; Enable parallel Assembler and Timing Analyzer during compilation ; On                 ; On                 ;
; Enable compact report table                                      ; Off                ; Off                ;
; Restructure Multiplexers                                         ; Auto               ; Auto               ;
; Create Debugging Nodes for IP Cores                              ; Off                ; Off                ;
; Preserve fewer node names                                        ; On                 ; On                 ;
; Intel FPGA IP Evaluation Mode                                    ; Enable             ; Enable             ;
; Verilog Version                                                  ; Verilog_2001       ; Verilog_2001       ;
; VHDL Version                                                     ; VHDL_1993          ; VHDL_1993          ;
; State Machine Processing                                         ; Auto               ; Auto               ;
; Safe State Machine                                               ; Off                ; Off                ;
; Extract Verilog State Machines                                   ; On                 ; On                 ;
; Extract VHDL State Machines                                      ; On                 ; On                 ;
; Ignore Verilog initial constructs                                ; Off                ; Off                ;
; Iteration limit for constant Verilog loops                       ; 5000               ; 5000               ;
; Iteration limit for non-constant Verilog loops                   ; 250                ; 250                ;
; Add Pass-Through Logic to Inferred RAMs                          ; On                 ; On                 ;
; Infer RAMs from Raw Logic                                        ; On                 ; On                 ;
; Parallel Synthesis                                               ; On                 ; On                 ;
; DSP Block Balancing                                              ; Auto               ; Auto               ;
; NOT Gate Push-Back                                               ; On                 ; On                 ;
; Power-Up Don't Care                                              ; On                 ; On                 ;
; Remove Redundant Logic Cells                                     ; Off                ; Off                ;
; Remove Duplicate Registers                                       ; On                 ; On                 ;
; Ignore CARRY Buffers                                             ; Off                ; Off                ;
; Ignore CASCADE Buffers                                           ; Off                ; Off                ;
; Ignore GLOBAL Buffers                                            ; Off                ; Off                ;
; Ignore ROW GLOBAL Buffers                                        ; Off                ; Off                ;
; Ignore LCELL Buffers                                             ; Off                ; Off                ;
; Ignore SOFT Buffers                                              ; On                 ; On                 ;
; Limit AHDL Integers to 32 Bits                                   ; Off                ; Off                ;
; Optimization Technique                                           ; Balanced           ; Balanced           ;
; Carry Chain Length                                               ; 70                 ; 70                 ;
; Auto Carry Chains                                                ; On                 ; On                 ;
; Auto Open-Drain Pins                                             ; On                 ; On                 ;
; Perform WYSIWYG Primitive Resynthesis                            ; Off                ; Off                ;
; Auto ROM Replacement                                             ; On                 ; On                 ;
; Auto RAM Replacement                                             ; On                 ; On                 ;
; Auto DSP Block Replacement                                       ; On                 ; On                 ;
; Auto Shift Register Replacement                                  ; Auto               ; Auto               ;
; Allow Shift Register Merging across Hierarchies                  ; Auto               ; Auto               ;
; Auto Clock Enable Replacement                                    ; On                 ; On                 ;
; Strict RAM Replacement                                           ; Off                ; Off                ;
; Allow Synchronous Control Signals                                ; On                 ; On                 ;
; Force Use of Synchronous Clear Signals                           ; Off                ; Off                ;
; Auto RAM Block Balancing                                         ; On                 ; On                 ;
; Auto RAM to Logic Cell Conversion                                ; Off                ; Off                ;
; Auto Resource Sharing                                            ; Off                ; Off                ;
; Allow Any RAM Size For Recognition                               ; Off                ; Off                ;
; Allow Any ROM Size For Recognition                               ; Off                ; Off                ;
; Allow Any Shift Register Size For Recognition                    ; Off                ; Off                ;
; Use LogicLock Constraints during Resource Balancing              ; On                 ; On                 ;
; Ignore translate_off and synthesis_off directives                ; Off                ; Off                ;
; Timing-Driven Synthesis                                          ; On                 ; On                 ;
; Report Parameter Settings                                        ; On                 ; On                 ;
; Report Source Assignments                                        ; On                 ; On                 ;
; Report Connectivity Checks                                       ; On                 ; On                 ;
; Ignore Maximum Fan-Out Assignments                               ; Off                ; Off                ;
; Synchronization Register Chain Length                            ; 2                  ; 2                  ;
; Power Optimization During Synthesis                              ; Normal compilation ; Normal compilation ;
; HDL message level                                                ; Level2             ; Level2             ;
; Suppress Register Optimization Related Messages                  ; Off                ; Off                ;
; Number of Removed Registers Reported in Synthesis Report         ; 5000               ; 5000               ;
; Number of Swept Nodes Reported in Synthesis Report               ; 5000               ; 5000               ;
; Number of Inverted Registers Reported in Synthesis Report        ; 100                ; 100                ;
; Clock MUX Protection                                             ; On                 ; On                 ;
; Auto Gated Clock Conversion                                      ; Off                ; Off                ;
; Block Design Naming                                              ; Auto               ; Auto               ;
; SDC constraint protection                                        ; Off                ; Off                ;
; Synthesis Effort                                                 ; Auto               ; Auto               ;
; Shift Register Replacement - Allow Asynchronous Clear Signal     ; On                 ; On                 ;
; Pre-Mapping Resynthesis Optimization                             ; Off                ; Off                ;
; Analysis & Synthesis Message Level                               ; Medium             ; Medium             ;
; Disable Register Merging Across Hierarchies                      ; Auto               ; Auto               ;
; Resource Aware Inference For Block RAM                           ; On                 ; On                 ;
+------------------------------------------------------------------+--------------------+--------------------+


+------------------------------------------+
; Parallel Compilation                     ;
+----------------------------+-------------+
; Processors                 ; Number      ;
+----------------------------+-------------+
; Number detected on machine ; 20          ;
; Maximum allowed            ; 14          ;
;                            ;             ;
; Average used               ; 1.00        ;
; Maximum used               ; 14          ;
;                            ;             ;
; Usage by Processor         ; % Time Used ;
;     Processor 1            ; 100.0%      ;
;     Processors 2-14        ;   0.0%      ;
+----------------------------+-------------+


+------------------------------------------------------------------------------------------------------------------------------------------+
; Analysis & Synthesis Source Files Read                                                                                                   ;
+----------------------------------+-----------------+------------------------------+--------------------------------------------+---------+
; File Name with User-Entered Path ; Used in Netlist ; File Type                    ; File Name with Absolute Path               ; Library ;
+----------------------------------+-----------------+------------------------------+--------------------------------------------+---------+
; VGADriver.sv                     ; yes             ; User SystemVerilog HDL File  ; C:/ECE204/Final Project/VGADriver.sv       ;         ;
; Counter.sv                       ; yes             ; User SystemVerilog HDL File  ; C:/ECE204/Final Project/Counter.sv         ;         ;
; RegisterFourBit.sv               ; yes             ; User SystemVerilog HDL File  ; C:/ECE204/Final Project/RegisterFourBit.sv ;         ;
; EnableCounter.sv                 ; yes             ; User SystemVerilog HDL File  ; C:/ECE204/Final Project/EnableCounter.sv   ;         ;
; MuxandDecoder.sv                 ; yes             ; User SystemVerilog HDL File  ; C:/ECE204/Final Project/MuxandDecoder.sv   ;         ;
; VSyncCounter.sv                  ; yes             ; User SystemVerilog HDL File  ; C:/ECE204/Final Project/VSyncCounter.sv    ;         ;
; HSyncCounter.sv                  ; yes             ; User SystemVerilog HDL File  ; C:/ECE204/Final Project/HSyncCounter.sv    ;         ;
; SyncCounter.sv                   ; yes             ; User SystemVerilog HDL File  ; C:/ECE204/Final Project/SyncCounter.sv     ;         ;
+----------------------------------+-----------------+------------------------------+--------------------------------------------+---------+


+-----------------------------------------------------------+
; Analysis & Synthesis Resource Usage Summary               ;
+---------------------------------------------+-------------+
; Resource                                    ; Usage       ;
+---------------------------------------------+-------------+
; Estimated Total logic elements              ; 55          ;
;                                             ;             ;
; Total combinational functions               ; 54          ;
; Logic element usage by number of LUT inputs ;             ;
;     -- 4 input functions                    ; 18          ;
;     -- 3 input functions                    ; 7           ;
;     -- <=2 input functions                  ; 29          ;
;                                             ;             ;
; Logic elements by mode                      ;             ;
;     -- normal mode                          ; 36          ;
;     -- arithmetic mode                      ; 18          ;
;                                             ;             ;
; Total registers                             ; 22          ;
;     -- Dedicated logic registers            ; 22          ;
;     -- I/O registers                        ; 0           ;
;                                             ;             ;
; I/O pins                                    ; 22          ;
;                                             ;             ;
; Embedded Multiplier 9-bit elements          ; 0           ;
;                                             ;             ;
; Maximum fan-out node                        ; clock~input ;
; Maximum fan-out                             ; 22          ;
; Total fan-out                               ; 262         ;
; Average fan-out                             ; 2.18        ;
+---------------------------------------------+-------------+


+---------------------------------------------------------------------------------------------------------------------------------------------------------------------------------------------------------------------------------------------------------------------------------------------------------------------------------------+
; Analysis & Synthesis Resource Utilization by Entity                                                                                                                                                                                                                                                                                   ;
+--------------------------------------+---------------------+---------------------------+-------------+------------+--------------+---------+-----------+------+--------------+------------+------------------------------------------------------------------------------------------------------------+---------------+--------------+
; Compilation Hierarchy Node           ; Combinational ALUTs ; Dedicated Logic Registers ; Memory Bits ; UFM Blocks ; DSP Elements ; DSP 9x9 ; DSP 18x18 ; Pins ; Virtual Pins ; ADC blocks ; Full Hierarchy Name                                                                                        ; Entity Name   ; Library Name ;
+--------------------------------------+---------------------+---------------------------+-------------+------------+--------------+---------+-----------+------+--------------+------------+------------------------------------------------------------------------------------------------------------+---------------+--------------+
; |VGADriver                           ; 54 (6)              ; 22 (0)                    ; 0           ; 0          ; 0            ; 0       ; 0         ; 22   ; 0            ; 0          ; |VGADriver                                                                                                 ; VGADriver     ; work         ;
;    |EnableCounter:enable_counter|    ; 1 (1)               ; 2 (2)                     ; 0           ; 0          ; 0            ; 0       ; 0         ; 0    ; 0            ; 0          ; |VGADriver|EnableCounter:enable_counter                                                                    ; EnableCounter ; work         ;
;    |Mux_4:mux_blue|                  ; 2 (2)               ; 0 (0)                     ; 0           ; 0          ; 0            ; 0       ; 0         ; 0    ; 0            ; 0          ; |VGADriver|Mux_4:mux_blue                                                                                  ; Mux_4         ; work         ;
;    |Mux_4:mux_green|                 ; 2 (2)               ; 0 (0)                     ; 0           ; 0          ; 0            ; 0       ; 0         ; 0    ; 0            ; 0          ; |VGADriver|Mux_4:mux_green                                                                                 ; Mux_4         ; work         ;
;    |Mux_4:mux_red|                   ; 2 (2)               ; 0 (0)                     ; 0           ; 0          ; 0            ; 0       ; 0         ; 0    ; 0            ; 0          ; |VGADriver|Mux_4:mux_red                                                                                   ; Mux_4         ; work         ;
;    |SyncCounter:sync_counter|        ; 41 (0)              ; 20 (0)                    ; 0           ; 0          ; 0            ; 0       ; 0         ; 0    ; 0            ; 0          ; |VGADriver|SyncCounter:sync_counter                                                                        ; SyncCounter   ; work         ;
;       |HSyncCounter:hsync_counter|   ; 14 (4)              ; 10 (0)                    ; 0           ; 0          ; 0            ; 0       ; 0         ; 0    ; 0            ; 0          ; |VGADriver|SyncCounter:sync_counter|HSyncCounter:hsync_counter                                             ; HSyncCounter  ; work         ;
;          |Counter:counter_inst|      ; 10 (0)              ; 10 (0)                    ; 0           ; 0          ; 0            ; 0       ; 0         ; 0    ; 0            ; 0          ; |VGADriver|SyncCounter:sync_counter|HSyncCounter:hsync_counter|Counter:counter_inst                        ; Counter       ; work         ;
;             |RegisterNBit:register1| ; 10 (10)             ; 10 (10)                   ; 0           ; 0          ; 0            ; 0       ; 0         ; 0    ; 0            ; 0          ; |VGADriver|SyncCounter:sync_counter|HSyncCounter:hsync_counter|Counter:counter_inst|RegisterNBit:register1 ; RegisterNBit  ; work         ;
;       |VSyncCounter:vsync_counter|   ; 27 (5)              ; 10 (0)                    ; 0           ; 0          ; 0            ; 0       ; 0         ; 0    ; 0            ; 0          ; |VGADriver|SyncCounter:sync_counter|VSyncCounter:vsync_counter                                             ; VSyncCounter  ; work         ;
;          |Counter:counter_inst|      ; 22 (10)             ; 10 (0)                    ; 0           ; 0          ; 0            ; 0       ; 0         ; 0    ; 0            ; 0          ; |VGADriver|SyncCounter:sync_counter|VSyncCounter:vsync_counter|Counter:counter_inst                        ; Counter       ; work         ;
;             |RegisterNBit:register1| ; 12 (12)             ; 10 (10)                   ; 0           ; 0          ; 0            ; 0       ; 0         ; 0    ; 0            ; 0          ; |VGADriver|SyncCounter:sync_counter|VSyncCounter:vsync_counter|Counter:counter_inst|RegisterNBit:register1 ; RegisterNBit  ; work         ;
+--------------------------------------+---------------------+---------------------------+-------------+------------+--------------+---------+-----------+------+--------------+------------+------------------------------------------------------------------------------------------------------------+---------------+--------------+
Note: For table entries with two numbers listed, the numbers in parentheses indicate the number of resources of the given type used by the specific entity alone. The numbers listed outside of parentheses indicate the total resources of the given type used by the specific entity and all of its sub-entities in the hierarchy.


+------------------------------------------------------+
; General Register Statistics                          ;
+----------------------------------------------+-------+
; Statistic                                    ; Value ;
+----------------------------------------------+-------+
; Total registers                              ; 22    ;
; Number of registers using Synchronous Clear  ; 10    ;
; Number of registers using Synchronous Load   ; 0     ;
; Number of registers using Asynchronous Clear ; 22    ;
; Number of registers using Asynchronous Load  ; 0     ;
; Number of registers using Clock Enable       ; 2     ;
; Number of registers using Preset             ; 0     ;
+----------------------------------------------+-------+


+-------------------------------------------------------------------------------------------------------------------------------------------------------------------------------------------------------------------------------+
; Multiplexer Restructuring Statistics (Restructuring Performed)                                                                                                                                                                ;
+--------------------+-----------+---------------+----------------------+------------------------+------------+-----------------------------------------------------------------------------------------------------------------+
; Multiplexer Inputs ; Bus Width ; Baseline Area ; Area if Restructured ; Saving if Restructured ; Registered ; Example Multiplexer Output                                                                                      ;
+--------------------+-----------+---------------+----------------------+------------------------+------------+-----------------------------------------------------------------------------------------------------------------+
; 3:1                ; 10 bits   ; 20 LEs        ; 10 LEs               ; 10 LEs                 ; Yes        ; |VGADriver|SyncCounter:sync_counter|VSyncCounter:vsync_counter|Counter:counter_inst|RegisterNBit:register1|q[9] ;
+--------------------+-----------+---------------+----------------------+------------------------+------------+-----------------------------------------------------------------------------------------------------------------+


+-----------------------------------------------------------------------------------------------------------------------+
; Parameter Settings for User Entity Instance: SyncCounter:sync_counter|HSyncCounter:hsync_counter|Counter:counter_inst ;
+----------------+-------+----------------------------------------------------------------------------------------------+
; Parameter Name ; Value ; Type                                                                                         ;
+----------------+-------+----------------------------------------------------------------------------------------------+
; N              ; 10    ; Signed Integer                                                                               ;
+----------------+-------+----------------------------------------------------------------------------------------------+
Note: In order to hide this table in the UI and the text report file, please set the "Show Parameter Settings in Synthesis Report" option in "Analysis and Synthesis Settings -> More Settings" to "Off".


+----------------------------------------------------------------------------------------------------------------------------------------------+
; Parameter Settings for User Entity Instance: SyncCounter:sync_counter|HSyncCounter:hsync_counter|Counter:counter_inst|RegisterNBit:register1 ;
+----------------+-------+---------------------------------------------------------------------------------------------------------------------+
; Parameter Name ; Value ; Type                                                                                                                ;
+----------------+-------+---------------------------------------------------------------------------------------------------------------------+
; N              ; 10    ; Signed Integer                                                                                                      ;
+----------------+-------+---------------------------------------------------------------------------------------------------------------------+
Note: In order to hide this table in the UI and the text report file, please set the "Show Parameter Settings in Synthesis Report" option in "Analysis and Synthesis Settings -> More Settings" to "Off".


+-----------------------------------------------------------------------------------------------------------------------+
; Parameter Settings for User Entity Instance: SyncCounter:sync_counter|VSyncCounter:vsync_counter|Counter:counter_inst ;
+----------------+-------+----------------------------------------------------------------------------------------------+
; Parameter Name ; Value ; Type                                                                                         ;
+----------------+-------+----------------------------------------------------------------------------------------------+
; N              ; 10    ; Signed Integer                                                                               ;
+----------------+-------+----------------------------------------------------------------------------------------------+
Note: In order to hide this table in the UI and the text report file, please set the "Show Parameter Settings in Synthesis Report" option in "Analysis and Synthesis Settings -> More Settings" to "Off".


+----------------------------------------------------------------------------------------------------------------------------------------------+
; Parameter Settings for User Entity Instance: SyncCounter:sync_counter|VSyncCounter:vsync_counter|Counter:counter_inst|RegisterNBit:register1 ;
+----------------+-------+---------------------------------------------------------------------------------------------------------------------+
; Parameter Name ; Value ; Type                                                                                                                ;
+----------------+-------+---------------------------------------------------------------------------------------------------------------------+
; N              ; 10    ; Signed Integer                                                                                                      ;
+----------------+-------+---------------------------------------------------------------------------------------------------------------------+
Note: In order to hide this table in the UI and the text report file, please set the "Show Parameter Settings in Synthesis Report" option in "Analysis and Synthesis Settings -> More Settings" to "Off".


+------------------------------------------------------------------------------------------------------------------------------------------------------------------------------------------------------------------+
; Port Connectivity Checks: "Mux_4:mux_blue"                                                                                                                                                                       ;
+----------+-------+----------+------------------------------------------------------------------------------------------------------------------------------------------------------------------------------------+
; Port     ; Type  ; Severity ; Details                                                                                                                                                                            ;
+----------+-------+----------+------------------------------------------------------------------------------------------------------------------------------------------------------------------------------------+
; d0       ; Input ; Warning  ; Input port expression (32 bits) is wider than the input port (4 bits) it drives.  The 28 most-significant bit(s) in the expression will be dangling if they have no other fanouts. ;
; d0[3..0] ; Input ; Info     ; Stuck at GND                                                                                                                                                                       ;
+----------+-------+----------+------------------------------------------------------------------------------------------------------------------------------------------------------------------------------------+


+------------------------------------------------------------------------------------------------------------------------------------------------------------------------------------------------------------------+
; Port Connectivity Checks: "Mux_4:mux_green"                                                                                                                                                                      ;
+----------+-------+----------+------------------------------------------------------------------------------------------------------------------------------------------------------------------------------------+
; Port     ; Type  ; Severity ; Details                                                                                                                                                                            ;
+----------+-------+----------+------------------------------------------------------------------------------------------------------------------------------------------------------------------------------------+
; d0       ; Input ; Warning  ; Input port expression (32 bits) is wider than the input port (4 bits) it drives.  The 28 most-significant bit(s) in the expression will be dangling if they have no other fanouts. ;
; d0[3..0] ; Input ; Info     ; Stuck at GND                                                                                                                                                                       ;
+----------+-------+----------+------------------------------------------------------------------------------------------------------------------------------------------------------------------------------------+


+------------------------------------------------------------------------------------------------------------------------------------------------------------------------------------------------------------------+
; Port Connectivity Checks: "Mux_4:mux_red"                                                                                                                                                                        ;
+----------+-------+----------+------------------------------------------------------------------------------------------------------------------------------------------------------------------------------------+
; Port     ; Type  ; Severity ; Details                                                                                                                                                                            ;
+----------+-------+----------+------------------------------------------------------------------------------------------------------------------------------------------------------------------------------------+
; d0       ; Input ; Warning  ; Input port expression (32 bits) is wider than the input port (4 bits) it drives.  The 28 most-significant bit(s) in the expression will be dangling if they have no other fanouts. ;
; d0[3..0] ; Input ; Info     ; Stuck at GND                                                                                                                                                                       ;
+----------+-------+----------+------------------------------------------------------------------------------------------------------------------------------------------------------------------------------------+


+-------------------------------------------------------------------------------------------------------------------------------------------------------------------------------------------------------------------+
; Port Connectivity Checks: "SyncCounter:sync_counter|VSyncCounter:vsync_counter|Counter:counter_inst"                                                                                                              ;
+-----------+-------+----------+------------------------------------------------------------------------------------------------------------------------------------------------------------------------------------+
; Port      ; Type  ; Severity ; Details                                                                                                                                                                            ;
+-----------+-------+----------+------------------------------------------------------------------------------------------------------------------------------------------------------------------------------------+
; addBy     ; Input ; Warning  ; Input port expression (32 bits) is wider than the input port (1 bits) it drives.  The 31 most-significant bit(s) in the expression will be dangling if they have no other fanouts. ;
; addBy[-1] ; Input ; Info     ; Stuck at VCC                                                                                                                                                                       ;
+-----------+-------+----------+------------------------------------------------------------------------------------------------------------------------------------------------------------------------------------+


+-------------------------------------------------------------------------------------------------------------------------------------------------------------------------------------------------------------------+
; Port Connectivity Checks: "SyncCounter:sync_counter|HSyncCounter:hsync_counter|Counter:counter_inst"                                                                                                              ;
+-----------+-------+----------+------------------------------------------------------------------------------------------------------------------------------------------------------------------------------------+
; Port      ; Type  ; Severity ; Details                                                                                                                                                                            ;
+-----------+-------+----------+------------------------------------------------------------------------------------------------------------------------------------------------------------------------------------+
; addBy     ; Input ; Warning  ; Input port expression (32 bits) is wider than the input port (1 bits) it drives.  The 31 most-significant bit(s) in the expression will be dangling if they have no other fanouts. ;
; addBy[-1] ; Input ; Info     ; Stuck at VCC                                                                                                                                                                       ;
+-----------+-------+----------+------------------------------------------------------------------------------------------------------------------------------------------------------------------------------------+


+-----------------------------------------------------+
; Post-Synthesis Netlist Statistics for Top Partition ;
+-----------------------+-----------------------------+
; Type                  ; Count                       ;
+-----------------------+-----------------------------+
; boundary_port         ; 22                          ;
; cycloneiii_ff         ; 22                          ;
;     CLR               ; 10                          ;
;     CLR SCLR          ; 10                          ;
;     ENA CLR           ; 2                           ;
; cycloneiii_lcell_comb ; 54                          ;
;     arith             ; 18                          ;
;         2 data inputs ; 17                          ;
;         3 data inputs ; 1                           ;
;     normal            ; 36                          ;
;         1 data inputs ; 3                           ;
;         2 data inputs ; 9                           ;
;         3 data inputs ; 6                           ;
;         4 data inputs ; 18                          ;
;                       ;                             ;
; Max LUT depth         ; 5.00                        ;
; Average LUT depth     ; 2.87                        ;
+-----------------------+-----------------------------+


+-------------------------------+
; Elapsed Time Per Partition    ;
+----------------+--------------+
; Partition Name ; Elapsed Time ;
+----------------+--------------+
; Top            ; 00:00:00     ;
+----------------+--------------+


+-------------------------------+
; Analysis & Synthesis Messages ;
+-------------------------------+
Info: *******************************************************************
Info: Running Quartus Prime Analysis & Synthesis
    Info: Version 22.1std.1 Build 917 02/14/2023 SC Lite Edition
    Info: Processing started: Fri Jun  5 14:44:24 2026
Info: Command: quartus_map --read_settings_files=on --write_settings_files=off VGADriverFinal -c VGADriverFinal
Warning (18236): Number of processors has not been specified which may cause overloading on shared machines.  Set the global assignment NUM_PARALLEL_PROCESSORS in your QSF to an appropriate value for best performance.
Info (20030): Parallel compilation is enabled and will use 14 of the 14 processors detected
Info (12021): Found 1 design units, including 1 entities, in source file vgadriver.sv
    Info (12023): Found entity 1: VGADriver File: C:/ECE204/Final Project/VGADriver.sv Line: 1
Info (12021): Found 1 design units, including 1 entities, in source file counter.sv
    Info (12023): Found entity 1: Counter File: C:/ECE204/Final Project/Counter.sv Line: 2
Info (12021): Found 1 design units, including 1 entities, in source file registerfourbit.sv
    Info (12023): Found entity 1: RegisterNBit File: C:/ECE204/Final Project/RegisterFourBit.sv Line: 2
Info (12021): Found 1 design units, including 1 entities, in source file enablecounter.sv
    Info (12023): Found entity 1: EnableCounter File: C:/ECE204/Final Project/EnableCounter.sv Line: 3
Info (12021): Found 2 design units, including 2 entities, in source file muxanddecoder.sv
    Info (12023): Found entity 1: Mux_4 File: C:/ECE204/Final Project/MuxandDecoder.sv Line: 1
    Info (12023): Found entity 2: Decoder2_4 File: C:/ECE204/Final Project/MuxandDecoder.sv Line: 9
Info (12021): Found 1 design units, including 1 entities, in source file vsynccounter.sv
    Info (12023): Found entity 1: VSyncCounter File: C:/ECE204/Final Project/VSyncCounter.sv Line: 1
Info (12021): Found 1 design units, including 1 entities, in source file hsynccounter.sv
    Info (12023): Found entity 1: HSyncCounter File: C:/ECE204/Final Project/HSyncCounter.sv Line: 1
Info (12021): Found 1 design units, including 1 entities, in source file synccounter.sv
    Info (12023): Found entity 1: SyncCounter File: C:/ECE204/Final Project/SyncCounter.sv Line: 1
Info (12021): Found 1 design units, including 1 entities, in source file vgatestbench.sv
    Info (12023): Found entity 1: VgaTestbench File: C:/ECE204/Final Project/VGATestbench.sv Line: 30
Info (12127): Elaborating entity "VGADriver" for the top level hierarchy
Info (12128): Elaborating entity "EnableCounter" for hierarchy "EnableCounter:enable_counter" File: C:/ECE204/Final Project/VGADriver.sv Line: 30
Info (12128): Elaborating entity "SyncCounter" for hierarchy "SyncCounter:sync_counter" File: C:/ECE204/Final Project/VGADriver.sv Line: 40
Info (12128): Elaborating entity "HSyncCounter" for hierarchy "SyncCounter:sync_counter|HSyncCounter:hsync_counter" File: C:/ECE204/Final Project/SyncCounter.sv Line: 22
Info (12128): Elaborating entity "Counter" for hierarchy "SyncCounter:sync_counter|HSyncCounter:hsync_counter|Counter:counter_inst" File: C:/ECE204/Final Project/HSyncCounter.sv Line: 48
Info (12128): Elaborating entity "RegisterNBit" for hierarchy "SyncCounter:sync_counter|HSyncCounter:hsync_counter|Counter:counter_inst|RegisterNBit:register1" File: C:/ECE204/Final Project/Counter.sv Line: 25
Info (12128): Elaborating entity "VSyncCounter" for hierarchy "SyncCounter:sync_counter|VSyncCounter:vsync_counter" File: C:/ECE204/Final Project/SyncCounter.sv Line: 30
Info (12128): Elaborating entity "Decoder2_4" for hierarchy "Decoder2_4:decoder_red" File: C:/ECE204/Final Project/VGADriver.sv Line: 45
Info (12128): Elaborating entity "Mux_4" for hierarchy "Mux_4:mux_red" File: C:/ECE204/Final Project/VGADriver.sv Line: 63
Warning (12241): 5 hierarchies have connectivity warnings - see the Connectivity Checks report folder
Info (286030): Timing-Driven Synthesis is running
Info (16010): Generating hard_block partition "hard_block:auto_generated_inst"
    Info (16011): Adding 0 node(s), including 0 DDIO, 0 PLL, 0 transceiver and 0 LCELL
Info (21057): Implemented 77 device resources after synthesis - the final resource count might be different
    Info (21058): Implemented 8 input pins
    Info (21059): Implemented 14 output pins
    Info (21061): Implemented 55 logic cells
Info: Quartus Prime Analysis & Synthesis was successful. 0 errors, 2 warnings
    Info: Peak virtual memory: 4862 megabytes
    Info: Processing ended: Fri Jun  5 14:44:38 2026
    Info: Elapsed time: 00:00:14
    Info: Total CPU time (on all processors): 00:00:31


